SF:C:\Users\aurel\Desktop\P3\src\backend\DataShareBackend\Program.cs
FN:4,System.Void Program::<Main>$(System.String[])
FNDA:0,System.Void Program::<Main>$(System.String[])
DA:5,0
DA:8,0
DA:9,0
DA:13,0
DA:14,0
DA:15,0
DA:16,0
DA:17,0
DA:18,0
DA:19,0
DA:20,0
DA:21,0
DA:24,0
DA:25,0
DA:26,0
DA:27,0
DA:28,0
DA:29,0
DA:30,0
DA:31,0
DA:32,0
DA:36,0
DA:37,0
DA:38,0
DA:39,0
DA:40,0
DA:41,0
DA:44,0
DA:45,0
DA:47,0
DA:50,0
DA:51,0
DA:52,0
DA:53,0
DA:54,0
DA:56,0
DA:57,0
DA:58,0
DA:59,0
DA:61,0
BRDA:50,277,0,0
BRDA:50,277,1,0
LF:40
LH:0
BRF:2
BRH:0
FNF:1
FNH:0
end_of_record
SF:C:\Users\aurel\Desktop\P3\src\backend\DataShareBackend\Services\JWT.cs
FN:17,System.String TokenService::GenerateToken(DataShareBackend.Models.Users,System.Collections.Generic.IList`1<System.String>)
FNDA:0,System.String TokenService::GenerateToken(DataShareBackend.Models.Users,System.Collections.Generic.IList`1<System.String>)
DA:18,0
DA:19,0
DA:20,0
DA:21,0
DA:22,0
DA:23,0
DA:24,0
DA:25,0
DA:27,0
DA:29,0
DA:30,0
DA:32,0
DA:33,0
DA:34,0
DA:35,0
DA:36,0
DA:37,0
DA:38,0
DA:40,0
DA:42,0
FN:42,System.Int32 TokenService::GetTokenExpirationDays()
FNDA:0,System.Int32 TokenService::GetTokenExpirationDays()
DA:43,0
FN:11,System.Void TokenService::.ctor(TokenSetting)
FNDA:5,System.Void TokenService::.ctor(TokenSetting)
DA:12,5
DA:13,5
DA:14,5
DA:15,5
BRDA:14,11,0,0
BRDA:14,11,1,5
LF:25
LH:4
BRF:2
BRH:1
FNF:3
FNH:1
end_of_record
SF:C:\Users\aurel\Desktop\P3\src\backend\DataShareBackend\Services\ServicePass.cs
FN:12,System.String PasswordService::HashPassword(System.String)
FNDA:3,System.String PasswordService::HashPassword(System.String)
DA:13,3
DA:14,3
DA:15,3
DA:16,3
DA:17,3
FN:19,System.Boolean PasswordService::VerifyPassword(System.String,System.String)
FNDA:0,System.Boolean PasswordService::VerifyPassword(System.String,System.String)
DA:20,0
DA:21,0
DA:22,0
LF:8
LH:5
BRF:0
BRH:0
FNF:2
FNH:1
end_of_record
SF:C:\Users\aurel\Desktop\P3\src\backend\DataShareBackend\Services\tokenconfiguration.cs
FN:2,System.String TokenSetting::get_Secret()
FNDA:10,System.String TokenSetting::get_Secret()
DA:3,10
FN:3,System.String TokenSetting::get_Issuer()
FNDA:10,System.String TokenSetting::get_Issuer()
DA:4,10
FN:4,System.String TokenSetting::get_Audience()
FNDA:10,System.String TokenSetting::get_Audience()
DA:5,10
FN:5,System.Int32 TokenSetting::get_Expiration()
FNDA:5,System.Int32 TokenSetting::get_Expiration()
DA:6,5
LF:4
LH:4
BRF:0
BRH:0
FNF:4
FNH:4
end_of_record
SF:C:\Users\aurel\Desktop\P3\src\backend\DataShareBackend\Startup.cs
FN:7,System.Void DataShareBackend.Startup::Configure(Microsoft.AspNetCore.Builder.IApplicationBuilder)
FNDA:0,System.Void DataShareBackend.Startup::Configure(Microsoft.AspNetCore.Builder.IApplicationBuilder)
DA:8,0
DA:10,0
LF:2
LH:0
BRF:0
BRH:0
FNF:1
FNH:0
end_of_record
SF:C:\Users\aurel\Desktop\P3\src\backend\DataShareBackend\Models\Class.cs
FN:11,System.Int32 DataShareBackend.Models.Users::get_Id()
FNDA:2,System.Int32 DataShareBackend.Models.Users::get_Id()
DA:12,2
FN:17,System.String DataShareBackend.Models.Users::get_Email()
FNDA:4,System.String DataShareBackend.Models.Users::get_Email()
DA:18,4
FN:21,System.String DataShareBackend.Models.Users::get_FirstName()
FNDA:3,System.String DataShareBackend.Models.Users::get_FirstName()
DA:22,3
FN:25,System.String DataShareBackend.Models.Users::get_LastName()
FNDA:3,System.String DataShareBackend.Models.Users::get_LastName()
DA:26,3
FN:29,System.String DataShareBackend.Models.Users::get_Login()
FNDA:4,System.String DataShareBackend.Models.Users::get_Login()
DA:30,4
FN:33,System.String DataShareBackend.Models.Users::get_Picture()
FNDA:3,System.String DataShareBackend.Models.Users::get_Picture()
DA:34,3
FN:38,System.String DataShareBackend.Models.Users::get_Password()
FNDA:5,System.String DataShareBackend.Models.Users::get_Password()
DA:39,5
FN:41,System.DateTime DataShareBackend.Models.Users::get_CreatedAt()
FNDA:5,System.DateTime DataShareBackend.Models.Users::get_CreatedAt()
DA:42,5
LF:8
LH:8
BRF:0
BRH:0
FNF:8
FNH:8
end_of_record
SF:C:\Users\aurel\Desktop\P3\src\backend\DataShareBackend\Migrations\20251218232054_InitialCreate.cs
FN:11,System.Void DataShareBackend.Migrations.InitialCreate::Up(Microsoft.EntityFrameworkCore.Migrations.MigrationBuilder)
FNDA:0,System.Void DataShareBackend.Migrations.InitialCreate::Up(Microsoft.EntityFrameworkCore.Migrations.MigrationBuilder)
DA:12,0
DA:13,0
DA:14,0
DA:15,0
DA:16,0
DA:17,0
DA:18,0
DA:19,0
DA:20,0
DA:21,0
DA:22,0
DA:23,0
DA:24,0
DA:25,0
DA:26,0
DA:27,0
DA:28,0
DA:29,0
DA:30,0
DA:32,0
DA:33,0
DA:34,0
DA:35,0
DA:36,0
DA:38,0
DA:39,0
DA:40,0
DA:41,0
DA:42,0
DA:43,0
FN:45,System.Void DataShareBackend.Migrations.InitialCreate::Down(Microsoft.EntityFrameworkCore.Migrations.MigrationBuilder)
FNDA:0,System.Void DataShareBackend.Migrations.InitialCreate::Down(Microsoft.EntityFrameworkCore.Migrations.MigrationBuilder)
DA:46,0
DA:47,0
DA:48,0
DA:49,0
LF:34
LH:0
BRF:0
BRH:0
FNF:2
FNH:0
end_of_record
SF:C:\Users\aurel\Desktop\P3\src\backend\DataShareBackend\Migrations\20251218232054_InitialCreate.Designer.cs
FN:18,System.Void DataShareBackend.Migrations.InitialCreate::BuildTargetModel(Microsoft.EntityFrameworkCore.ModelBuilder)
FNDA:0,System.Void DataShareBackend.Migrations.InitialCreate::BuildTargetModel(Microsoft.EntityFrameworkCore.ModelBuilder)
DA:19,0
DA:21,0
DA:22,0
DA:23,0
DA:25,0
DA:27,0
DA:28,0
DA:29,0
DA:30,0
DA:31,0
DA:32,0
DA:33,0
DA:34,0
DA:35,0
DA:36,0
DA:37,0
DA:38,0
DA:39,0
DA:40,0
DA:41,0
DA:42,0
DA:43,0
DA:44,0
DA:45,0
DA:46,0
DA:47,0
DA:48,0
DA:49,0
DA:50,0
DA:51,0
DA:52,0
DA:53,0
DA:54,0
DA:55,0
DA:56,0
DA:57,0
DA:58,0
DA:59,0
DA:60,0
DA:61,0
DA:62,0
DA:63,0
DA:64,0
DA:65,0
DA:66,0
DA:67,0
DA:68,0
DA:69,0
DA:70,0
DA:71,0
DA:72,0
DA:73,0
DA:74,0
DA:75,0
DA:76,0
DA:77,0
DA:78,0
DA:79,0
DA:80,0
DA:81,0
DA:82,0
DA:83,0
DA:84,0
DA:85,0
DA:87,0
LF:65
LH:0
BRF:0
BRH:0
FNF:1
FNH:0
end_of_record
SF:C:\Users\aurel\Desktop\P3\src\backend\DataShareBackend\Migrations\DataShareDbContextModelSnapshot.cs
FN:16,System.Void DataShareBackend.Migrations.DataShareDbContextModelSnapshot::BuildModel(Microsoft.EntityFrameworkCore.ModelBuilder)
FNDA:0,System.Void DataShareBackend.Migrations.DataShareDbContextModelSnapshot::BuildModel(Microsoft.EntityFrameworkCore.ModelBuilder)
DA:17,0
DA:19,0
DA:20,0
DA:21,0
DA:23,0
DA:25,0
DA:26,0
DA:27,0
DA:28,0
DA:29,0
DA:30,0
DA:31,0
DA:32,0
DA:33,0
DA:34,0
DA:35,0
DA:36,0
DA:37,0
DA:38,0
DA:39,0
DA:40,0
DA:41,0
DA:42,0
DA:43,0
DA:44,0
DA:45,0
DA:46,0
DA:47,0
DA:48,0
DA:49,0
DA:50,0
DA:51,0
DA:52,0
DA:53,0
DA:54,0
DA:55,0
DA:56,0
DA:57,0
DA:58,0
DA:59,0
DA:60,0
DA:61,0
DA:62,0
DA:63,0
DA:64,0
DA:65,0
DA:66,0
DA:67,0
DA:68,0
DA:69,0
DA:70,0
DA:71,0
DA:72,0
DA:73,0
DA:74,0
DA:75,0
DA:76,0
DA:77,0
DA:78,0
DA:79,0
DA:80,0
DA:81,0
DA:82,0
DA:83,0
DA:85,0
LF:65
LH:0
BRF:0
BRH:0
FNF:1
FNH:0
end_of_record
SF:C:\Users\aurel\Desktop\P3\src\backend\DataShareBackend\DTO\CreateUserDTO.cs
FN:4,System.String DataShareBackend.DTO.CreateUserDto::get_Email()
FNDA:14,System.String DataShareBackend.DTO.CreateUserDto::get_Email()
DA:5,14
FN:5,System.String DataShareBackend.DTO.CreateUserDto::get_Password()
FNDA:7,System.String DataShareBackend.DTO.CreateUserDto::get_Password()
DA:6,7
FN:6,System.String DataShareBackend.DTO.CreateUserDto::get_FirstName()
FNDA:2,System.String DataShareBackend.DTO.CreateUserDto::get_FirstName()
DA:7,2
FN:7,System.String DataShareBackend.DTO.CreateUserDto::get_LastName()
FNDA:2,System.String DataShareBackend.DTO.CreateUserDto::get_LastName()
DA:8,2
FN:8,System.String DataShareBackend.DTO.CreateUserDto::get_Login()
FNDA:11,System.String DataShareBackend.DTO.CreateUserDto::get_Login()
DA:9,11
FN:9,System.String DataShareBackend.DTO.CreateUserDto::get_Picture()
FNDA:2,System.String DataShareBackend.DTO.CreateUserDto::get_Picture()
DA:10,2
LF:6
LH:6
BRF:0
BRH:0
FNF:6
FNH:6
end_of_record
SF:C:\Users\aurel\Desktop\P3\src\backend\DataShareBackend\DTO\LoginDto.cs
FN:4,System.String DataShareBackend.DTO.LoginDto::get_Email()
FNDA:4,System.String DataShareBackend.DTO.LoginDto::get_Email()
DA:5,4
FN:5,System.String DataShareBackend.DTO.LoginDto::get_Password()
FNDA:4,System.String DataShareBackend.DTO.LoginDto::get_Password()
DA:6,4
LF:2
LH:2
BRF:0
BRH:0
FNF:2
FNH:2
end_of_record
SF:C:\Users\aurel\Desktop\P3\src\backend\DataShareBackend\Data\DataShareDbContext.cs
FN:19,Microsoft.EntityFrameworkCore.DbSet`1<DataShareBackend.Models.Users> DataShareBackend.Data.DataShareDbContext::get_Users()
FNDA:14,Microsoft.EntityFrameworkCore.DbSet`1<DataShareBackend.Models.Users> DataShareBackend.Data.DataShareDbContext::get_Users()
DA:20,14
FN:22,System.Void DataShareBackend.Data.DataShareDbContext::OnModelCreating(Microsoft.EntityFrameworkCore.ModelBuilder)
FNDA:1,System.Void DataShareBackend.Data.DataShareDbContext::OnModelCreating(Microsoft.EntityFrameworkCore.ModelBuilder)
DA:23,1
DA:24,1
DA:27,1
DA:28,1
DA:29,1
DA:30,1
DA:31,1
DA:32,1
DA:33,1
DA:34,1
DA:35,1
DA:36,1
DA:37,1
DA:38,1
DA:39,1
DA:40,1
DA:41,1
DA:42,1
DA:43,1
DA:44,1
DA:45,1
DA:46,1
DA:47,1
DA:48,1
DA:49,1
DA:50,1
DA:51,1
DA:52,1
DA:53,1
DA:54,1
DA:55,1
DA:56,1
DA:57,1
DA:58,1
DA:59,1
DA:60,1
DA:61,1
DA:62,1
DA:63,1
DA:64,2
DA:65,1
FN:14,System.Void DataShareBackend.Data.DataShareDbContext::.ctor(Microsoft.EntityFrameworkCore.DbContextOptions`1<DataShareBackend.Data.DataShareDbContext>)
FNDA:5,System.Void DataShareBackend.Data.DataShareDbContext::.ctor(Microsoft.EntityFrameworkCore.DbContextOptions`1<DataShareBackend.Data.DataShareDbContext>)
DA:15,5
DA:16,5
DA:18,5
LF:45
LH:45
BRF:0
BRH:0
FNF:3
FNH:3
end_of_record
SF:C:\Users\aurel\Desktop\P3\src\backend\DataShareBackend\Controllers\UsersController.cs
FN:235,System.Void DataShareBackend.Controllers.UsersController::Put(System.Int32,System.String)
FNDA:0,System.Void DataShareBackend.Controllers.UsersController::Put(System.Int32,System.String)
DA:236,0
DA:237,0
FN:241,System.Void DataShareBackend.Controllers.UsersController::Delete(System.Int32)
FNDA:0,System.Void DataShareBackend.Controllers.UsersController::Delete(System.Int32)
DA:242,0
DA:243,0
FN:33,System.Void DataShareBackend.Controllers.UsersController::.ctor(DataShareBackend.Data.DataShareDbContext,MyPasswordService,TokenService)
FNDA:5,System.Void DataShareBackend.Controllers.UsersController::.ctor(DataShareBackend.Data.DataShareDbContext,MyPasswordService,TokenService)
DA:34,5
DA:35,5
DA:36,5
DA:37,5
DA:38,5
DA:39,5
FN:74,System.Void DataShareBackend.Controllers.UsersController/<CreateUser>d__5::MoveNext()
FNDA:4,System.Void DataShareBackend.Controllers.UsersController/<CreateUser>d__5::MoveNext()
DA:75,4
DA:77,4
DA:80,4
DA:82,4
DA:83,2
DA:84,2
DA:91,2
DA:92,0
DA:93,0
DA:101,2
DA:102,2
DA:103,1
DA:104,1
DA:108,1
DA:110,1
DA:111,0
DA:112,0
DA:115,1
DA:116,0
DA:117,0
DA:118,0
DA:119,0
DA:120,0
DA:121,0
DA:122,0
DA:123,0
DA:124,0
DA:125,0
DA:131,1
DA:132,0
DA:133,0
DA:141,1
DA:142,1
DA:143,1
DA:144,1
DA:145,1
DA:146,1
DA:147,1
DA:148,1
DA:149,1
DA:150,1
DA:151,1
DA:153,1
DA:154,1
DA:156,1
DA:158,0
DA:159,0
DA:160,0
DA:162,4
BRDA:82,104,0,3
BRDA:82,104,1,1
BRDA:82,141,0,2
BRDA:82,141,1,2
BRDA:91,199,0,0
BRDA:91,199,1,2
BRDA:102,271,0,2
BRDA:102,271,1,0
BRDA:102,310,0,1
BRDA:102,310,1,1
BRDA:110,386,0,0
BRDA:110,386,1,1
BRDA:115,455,0,0
BRDA:115,455,1,1
BRDA:131,538,0,1
BRDA:131,538,1,1
BRDA:131,816,0,0
BRDA:131,816,1,1
FN:47,System.Void DataShareBackend.Controllers.UsersController/<GetUser>d__4::MoveNext()
FNDA:0,System.Void DataShareBackend.Controllers.UsersController/<GetUser>d__4::MoveNext()
DA:48,0
DA:50,0
DA:51,0
DA:53,0
DA:54,0
DA:55,0
DA:58,0
DA:60,0
DA:61,0
DA:62,0
DA:64,0
BRDA:53,196,0,0
BRDA:53,196,1,0
FN:182,System.Void DataShareBackend.Controllers.UsersController/<Login>d__6::MoveNext()
FNDA:1,System.Void DataShareBackend.Controllers.UsersController/<Login>d__6::MoveNext()
DA:183,1
DA:185,1
DA:187,1
DA:188,0
DA:189,0
DA:193,1
DA:196,1
DA:197,0
DA:198,0
DA:202,1
DA:205,1
DA:206,1
DA:207,1
DA:210,0
DA:212,0
DA:213,0
DA:214,0
DA:215,0
DA:216,0
DA:217,0
DA:218,0
DA:219,0
DA:221,0
DA:223,0
DA:225,0
DA:226,0
DA:227,0
DA:229,1
BRDA:187,76,0,1
BRDA:187,76,1,0
BRDA:187,104,0,0
BRDA:187,104,1,1
BRDA:196,419,0,0
BRDA:196,419,1,1
BRDA:205,518,0,1
BRDA:205,518,1,0
LF:98
LH:46
BRF:28
BRH:17
FNF:6
FNH:3
end_of_record